0 info it worked if it ends with ok
1 verbose cli [ 'C:\\Program Files\\nodejs\\\\node.exe',
1 verbose cli   'C:\\Program Files\\nodejs\\node_modules\\npm\\bin\\npm-cli.js',
1 verbose cli   'start' ]
2 info using npm@1.4.9
3 info using node@v0.10.28
4 verbose node symlink C:\Program Files\nodejs\\node.exe
5 verbose run-script [ 'prestart', 'start', 'poststart' ]
6 info prestart LocationMonitor@0.0.1
7 verbose unsafe-perm in lifecycle true
8 info LocationMonitor@0.0.1 Failed to exec prestart script
9 error LocationMonitor@0.0.1 prestart: `tsc @_ReferenceFiles/tsFileList.txt`
9 error Exit status 1
10 error Failed at the LocationMonitor@0.0.1 prestart script.
10 error This is most likely a problem with the LocationMonitor package,
10 error not with npm itself.
10 error Tell the author that this fails on your system:
10 error     tsc @_ReferenceFiles/tsFileList.txt
10 error You can get their info via:
10 error     npm owner ls LocationMonitor
10 error There is likely additional logging output above.
11 error System Windows_NT 6.1.7601
12 error command "C:\\Program Files\\nodejs\\\\node.exe" "C:\\Program Files\\nodejs\\node_modules\\npm\\bin\\npm-cli.js" "start"
13 error cwd C:\Users\00619461\Desktop\LocationTracker\project
14 error node -v v0.10.28
15 error npm -v 1.4.9
16 error code ELIFECYCLE
17 verbose exit [ 1, true ]
